<?xml version="1.0" encoding="UTF-8"?>
<testng-results total="4" passed="3" failed="1" skipped="0">
  <reporter-output>
  </reporter-output>
  <suite started-at="2019-03-18T06:57:09Z" name="parameterCheck" finished-at="2019-03-18T06:57:09Z" duration-ms="63">
    <groups>
      <group name="smoke">
        <method signature="testNGDay1.Rample2()[pri:0, instance:com.testng.tutorial.testNGDay1@3d299e3]" name="Rample2" class="com.testng.tutorial.testNGDay1"/>
        <method signature="testNGDay2.day2test1(java.lang.String, java.lang.String)[pri:0, instance:com.testng.tutorial.testNGDay2@1d76aeea]" name="day2test1" class="com.testng.tutorial.testNGDay2"/>
      </group> <!-- smoke -->
    </groups>
    <test started-at="2019-03-18T06:57:09Z" name="parameterizing" finished-at="2019-03-18T06:57:09Z" duration-ms="44">
      <class name="com.testng.tutorial.testNGDay1">
        <test-method signature="sample1(java.lang.String)[pri:0, instance:com.testng.tutorial.testNGDay1@3d299e3]" started-at="2019-03-18T12:27:09Z" name="sample1" finished-at="2019-03-18T12:27:09Z" duration-ms="19" status="PASS">
          <params>
            <param index="0">
              <value>
                <![CDATA[https://www.bankbazaar.com]]>
              </value>
            </param>
          </params>
          <reporter-output>
          </reporter-output>
        </test-method> <!-- sample1 -->
        <test-method signature="Rample2()[pri:0, instance:com.testng.tutorial.testNGDay1@3d299e3]" started-at="2019-03-18T12:27:09Z" name="Rample2" finished-at="2019-03-18T12:27:09Z" depends-on-methods="com.testng.tutorial.testNGDay1.sample1" duration-ms="2" status="PASS">
          <reporter-output>
          </reporter-output>
        </test-method> <!-- Rample2 -->
      </class> <!-- com.testng.tutorial.testNGDay1 -->
    </test> <!-- parameterizing -->
    <test started-at="2019-03-18T06:57:09Z" name="parameterizing_local" finished-at="2019-03-18T06:57:09Z" duration-ms="62">
      <class name="com.testng.tutorial.testNGDay1">
        <test-method is-config="true" signature="beforeSuite()[pri:0, instance:com.testng.tutorial.testNGDay1@3d299e3]" started-at="2019-03-18T12:27:09Z" name="beforeSuite" finished-at="2019-03-18T12:27:09Z" duration-ms="22" status="PASS">
          <reporter-output>
          </reporter-output>
        </test-method> <!-- beforeSuite -->
        <test-method is-config="true" signature="afterSuite()[pri:0, instance:com.testng.tutorial.testNGDay1@3d299e3]" started-at="2019-03-18T12:27:09Z" name="afterSuite" finished-at="2019-03-18T12:27:09Z" duration-ms="0" status="PASS">
          <reporter-output>
          </reporter-output>
        </test-method> <!-- afterSuite -->
      </class> <!-- com.testng.tutorial.testNGDay1 -->
      <class name="com.testng.tutorial.testNGDay2">
        <test-method is-config="true" signature="preRequisite()[pri:0, instance:com.testng.tutorial.testNGDay2@1d76aeea]" started-at="2019-03-18T12:27:09Z" name="preRequisite" finished-at="2019-03-18T12:27:09Z" duration-ms="2" status="PASS">
          <reporter-output>
          </reporter-output>
        </test-method> <!-- preRequisite -->
        <test-method signature="day2test1(java.lang.String, java.lang.String)[pri:0, instance:com.testng.tutorial.testNGDay2@1d76aeea]" started-at="2019-03-18T12:27:09Z" name="day2test1" finished-at="2019-03-18T12:27:09Z" duration-ms="19" status="PASS">
          <params>
            <param index="0">
              <value>
                <![CDATA[https://stg1.bankbazaar.com]]>
              </value>
            </param>
            <param index="1">
              <value>
                <![CDATA[stg1]]>
              </value>
            </param>
          </params>
          <reporter-output>
          </reporter-output>
        </test-method> <!-- day2test1 -->
        <test-method signature="listenerFailTest()[pri:0, instance:com.testng.tutorial.testNGDay2@1d76aeea]" started-at="2019-03-18T12:27:09Z" name="listenerFailTest" finished-at="2019-03-18T12:27:09Z" duration-ms="8" status="FAIL">
          <exception class="java.lang.AssertionError">
            <message>
              <![CDATA[expected [true] but found [false]]]>
            </message>
            <full-stacktrace>
              <![CDATA[java.lang.AssertionError: expected [true] but found [false]
	at org.testng.Assert.fail(Assert.java:94)
	at org.testng.Assert.failNotEquals(Assert.java:494)
	at org.testng.Assert.assertTrue(Assert.java:42)
	at org.testng.Assert.assertTrue(Assert.java:52)
	at com.testng.tutorial.testNGDay2.listenerFailTest(testNGDay2.java:24)
	at java.base/jdk.internal.reflect.NativeMethodAccessorImpl.invoke0(Native Method)
	at java.base/jdk.internal.reflect.NativeMethodAccessorImpl.invoke(NativeMethodAccessorImpl.java:62)
	at java.base/jdk.internal.reflect.DelegatingMethodAccessorImpl.invoke(DelegatingMethodAccessorImpl.java:43)
	at java.base/java.lang.reflect.Method.invoke(Method.java:564)
	at org.testng.internal.MethodInvocationHelper.invokeMethod(MethodInvocationHelper.java:84)
	at org.testng.internal.Invoker.invokeMethod(Invoker.java:714)
	at org.testng.internal.Invoker.invokeTestMethod(Invoker.java:901)
	at org.testng.internal.Invoker.invokeTestMethods(Invoker.java:1231)
	at org.testng.internal.TestMethodWorker.invokeTestMethods(TestMethodWorker.java:127)
	at org.testng.internal.TestMethodWorker.run(TestMethodWorker.java:111)
	at org.testng.TestRunner.privateRun(TestRunner.java:767)
	at org.testng.TestRunner.run(TestRunner.java:617)
	at org.testng.SuiteRunner.runTest(SuiteRunner.java:348)
	at org.testng.SuiteRunner.access$000(SuiteRunner.java:38)
	at org.testng.SuiteRunner$SuiteWorker.run(SuiteRunner.java:382)
	at org.testng.internal.thread.ThreadUtil$2.call(ThreadUtil.java:64)
	at java.base/java.util.concurrent.FutureTask.run(FutureTask.java:264)
	at java.base/java.util.concurrent.ThreadPoolExecutor.runWorker(ThreadPoolExecutor.java:1135)
	at java.base/java.util.concurrent.ThreadPoolExecutor$Worker.run(ThreadPoolExecutor.java:635)
	at java.base/java.lang.Thread.run(Thread.java:844)
]]>
            </full-stacktrace>
          </exception> <!-- java.lang.AssertionError -->
          <reporter-output>
          </reporter-output>
        </test-method> <!-- listenerFailTest -->
        <test-method is-config="true" signature="postrequisite()[pri:0, instance:com.testng.tutorial.testNGDay2@1d76aeea]" started-at="2019-03-18T12:27:09Z" name="postrequisite" finished-at="2019-03-18T12:27:09Z" duration-ms="1" status="PASS">
          <reporter-output>
          </reporter-output>
        </test-method> <!-- postrequisite -->
      </class> <!-- com.testng.tutorial.testNGDay2 -->
    </test> <!-- parameterizing_local -->
  </suite> <!-- parameterCheck -->
</testng-results>
